<?xml version="1.0" encoding="UTF-8"?>
<!-- Generated by org.testng.reporters.JUnitXMLReporter -->
<testsuite ignored="0" hostname="DESKTOP-3R6COPU" failures="0" tests="3" name="Submit Order Test" time="27.186" errors="0" timestamp="2025-02-09T20:11:37 CST">
  <testcase classname="automatedProject.tests.SubmitOrderTest" name="submitOrder" time="3.766"/>
  <testcase classname="automatedProject.tests.SubmitOrderTest" name="submitOrder" time="3.747"/>
  <testcase classname="automatedProject.tests.SubmitOrderTest" name="OrderHistoryTest" time="1.129"/>
</testsuite> <!-- Submit Order Test -->
