<?xml version="1.0" encoding="UTF-8"?>
<!-- Generated by org.testng.reporters.JUnitXMLReporter -->
<testsuite ignored="0" hostname="DESKTOP-3R6COPU" failures="1" tests="3" name="Submit Order Test" time="26.519" errors="0" timestamp="2025-02-08T13:07:10 CST">
  <testcase classname="automatedProject.tests.SubmitOrderTest" name="OrderHistoryTest" time="2.579"/>
  <testcase classname="automatedProject.tests.SubmitOrderTest" name="submitOrder" time="4.168"/>
  <testcase classname="automatedProject.tests.SubmitOrderTest" name="submitOrder" time="1.068">
    <failure type="java.lang.NullPointerException" message="Cannot invoke &amp;quot;org.openqa.selenium.WebElement.findElement(org.openqa.selenium.By)&amp;quot; because the return value of &amp;quot;automatedProject.pageObjects.ProductCatalogue.getProductByName(String)&amp;quot; is null">
      <![CDATA[java.lang.NullPointerException: Cannot invoke "org.openqa.selenium.WebElement.findElement(org.openqa.selenium.By)" because the return value of "automatedProject.pageObjects.ProductCatalogue.getProductByName(String)" is null
at automatedProject.pageObjects.ProductCatalogue.addProductToCar(ProductCatalogue.java:57)
at automatedProject.tests.SubmitOrderTest.submitOrder(SubmitOrderTest.java:36)
at java.base/java.util.ArrayList.forEach(ArrayList.java:1596)
at java.base/java.util.concurrent.FutureTask.run(FutureTask.java:317)
at java.base/java.util.concurrent.ThreadPoolExecutor.runWorker(ThreadPoolExecutor.java:1144)
at java.base/java.util.concurrent.ThreadPoolExecutor$Worker.run(ThreadPoolExecutor.java:642)
at java.base/java.lang.Thread.run(Thread.java:1583)
... Removed 15 stack frames]]>
    </failure>
  </testcase> <!-- submitOrder -->
</testsuite> <!-- Submit Order Test -->
