<?xml version="1.0" encoding="UTF-8"?>
<!-- Generated by org.testng.reporters.JUnitXMLReporter -->
<testsuite ignored="0" hostname="DESKTOP-3R6COPU" failures="0" tests="2" name="Error Validations Test" time="16.882" errors="0" timestamp="2025-02-08T17:19:58 CST">
  <testcase classname="automatedProject.tests.ErrorValidationsTest" name="LoginErrorValidation" time="1.099"/>
  <testcase classname="automatedProject.tests.ErrorValidationsTest" name="ProductErrorValidation" time="3.505"/>
</testsuite> <!-- Error Validations Test -->
