<?xml version="1.0" encoding="UTF-8"?>
<!-- Generated by org.testng.reporters.JUnitXMLReporter -->
<testsuite ignored="0" hostname="DESKTOP-3R6COPU" failures="0" tests="3" name="Submit Order Test" time="27.193" errors="0" timestamp="2025-02-08T17:20:08 CST">
  <testcase classname="automatedProject.tests.SubmitOrderTest" name="submitOrder" time="4.189"/>
  <testcase classname="automatedProject.tests.SubmitOrderTest" name="submitOrder" time="4.11"/>
  <testcase classname="automatedProject.tests.SubmitOrderTest" name="OrderHistoryTest" time="1.022"/>
</testsuite> <!-- Submit Order Test -->
