<?xml version="1.0" encoding="UTF-8"?>
<testng-results ignored="0" total="4" passed="4" failed="0" skipped="0">
  <reporter-output>
  </reporter-output>
  <suite started-at="2025-02-09T20:11:09 CST" name="Suite" finished-at="2025-02-09T20:11:37 CST" duration-ms="27186">
    <groups>
      <group name="ErrorHandling">
        <method signature="ErrorValidationsTest.LoginErrorValidation()[pri:0, instance:automatedProject.tests.ErrorValidationsTest@12c7a01b]" name="LoginErrorValidation" class="automatedProject.tests.ErrorValidationsTest"/>
      </group> <!-- ErrorHandling -->
      <group name="Purchase">
        <method signature="SubmitOrderTest.submitOrder(java.util.HashMap)[pri:0, instance:automatedProject.tests.SubmitOrderTest@386f0da3]" name="submitOrder" class="automatedProject.tests.SubmitOrderTest"/>
      </group> <!-- Purchase -->
    </groups>
    <test started-at="2025-02-09T20:11:09 CST" name="Error Validations Test" finished-at="2025-02-09T20:11:17 CST" duration-ms="7589">
      <class name="automatedProject.tests.ErrorValidationsTest">
        <test-method is-config="true" signature="launchApplication()[pri:0, instance:automatedProject.tests.ErrorValidationsTest@12c7a01b]" started-at="2025-02-09T20:11:09 CST" name="launchApplication" finished-at="2025-02-09T20:11:16 CST" duration-ms="6386" status="PASS">
          <reporter-output>
          </reporter-output>
        </test-method> <!-- launchApplication -->
        <test-method signature="LoginErrorValidation()[pri:0, instance:automatedProject.tests.ErrorValidationsTest@12c7a01b]" started-at="2025-02-09T20:11:16 CST" name="LoginErrorValidation" finished-at="2025-02-09T20:11:17 CST" duration-ms="1054" status="PASS">
          <reporter-output>
          </reporter-output>
        </test-method> <!-- LoginErrorValidation -->
        <test-method is-config="true" signature="tearDown()[pri:0, instance:automatedProject.tests.ErrorValidationsTest@12c7a01b]" started-at="2025-02-09T20:11:17 CST" name="tearDown" finished-at="2025-02-09T20:11:17 CST" duration-ms="112" status="PASS">
          <reporter-output>
          </reporter-output>
        </test-method> <!-- tearDown -->
      </class> <!-- automatedProject.tests.ErrorValidationsTest -->
    </test> <!-- Error Validations Test -->
    <test started-at="2025-02-09T20:11:09 CST" name="Submit Order Test" finished-at="2025-02-09T20:11:37 CST" duration-ms="27186">
      <class name="automatedProject.tests.SubmitOrderTest">
        <test-method is-config="true" signature="launchApplication()[pri:0, instance:automatedProject.tests.SubmitOrderTest@386f0da3]" started-at="2025-02-09T20:11:10 CST" name="launchApplication" finished-at="2025-02-09T20:11:16 CST" duration-ms="6094" status="PASS">
          <reporter-output>
          </reporter-output>
        </test-method> <!-- launchApplication -->
        <test-method signature="submitOrder(java.util.HashMap)[pri:0, instance:automatedProject.tests.SubmitOrderTest@386f0da3]" started-at="2025-02-09T20:11:16 CST" name="submitOrder" data-provider="getData" finished-at="2025-02-09T20:11:19 CST" duration-ms="3766" status="PASS">
          <params>
            <param index="0">
              <value>
                <![CDATA[{password=Derbys05, product=ZARA, email=dagoscr@gmail.com}]]>
              </value>
            </param>
          </params>
          <reporter-output>
          </reporter-output>
        </test-method> <!-- submitOrder -->
        <test-method is-config="true" signature="tearDown()[pri:0, instance:automatedProject.tests.SubmitOrderTest@386f0da3]" started-at="2025-02-09T20:11:19 CST" name="tearDown" finished-at="2025-02-09T20:11:19 CST" duration-ms="83" status="PASS">
          <reporter-output>
          </reporter-output>
        </test-method> <!-- tearDown -->
        <test-method is-config="true" signature="launchApplication()[pri:0, instance:automatedProject.tests.SubmitOrderTest@386f0da3]" started-at="2025-02-09T20:11:19 CST" name="launchApplication" finished-at="2025-02-09T20:11:25 CST" duration-ms="5366" status="PASS">
          <reporter-output>
          </reporter-output>
        </test-method> <!-- launchApplication -->
        <test-method signature="submitOrder(java.util.HashMap)[pri:0, instance:automatedProject.tests.SubmitOrderTest@386f0da3]" started-at="2025-02-09T20:11:25 CST" name="submitOrder" data-provider="getData" finished-at="2025-02-09T20:11:29 CST" duration-ms="3747" status="PASS">
          <params>
            <param index="0">
              <value>
                <![CDATA[{password=Derbys05, product=ADIDAS, email=dago@gmail.com}]]>
              </value>
            </param>
          </params>
          <reporter-output>
          </reporter-output>
        </test-method> <!-- submitOrder -->
        <test-method is-config="true" signature="tearDown()[pri:0, instance:automatedProject.tests.SubmitOrderTest@386f0da3]" started-at="2025-02-09T20:11:29 CST" name="tearDown" finished-at="2025-02-09T20:11:29 CST" duration-ms="75" status="PASS">
          <reporter-output>
          </reporter-output>
        </test-method> <!-- tearDown -->
        <test-method is-config="true" signature="launchApplication()[pri:0, instance:automatedProject.tests.SubmitOrderTest@386f0da3]" started-at="2025-02-09T20:11:29 CST" name="launchApplication" finished-at="2025-02-09T20:11:35 CST" duration-ms="6631" status="PASS">
          <reporter-output>
          </reporter-output>
        </test-method> <!-- launchApplication -->
        <test-method signature="OrderHistoryTest()[pri:0, instance:automatedProject.tests.SubmitOrderTest@386f0da3]" started-at="2025-02-09T20:11:35 CST" name="OrderHistoryTest" finished-at="2025-02-09T20:11:36 CST" depends-on-methods="automatedProject.tests.SubmitOrderTest.submitOrder" duration-ms="1129" status="PASS">
          <reporter-output>
          </reporter-output>
        </test-method> <!-- OrderHistoryTest -->
        <test-method is-config="true" signature="tearDown()[pri:0, instance:automatedProject.tests.SubmitOrderTest@386f0da3]" started-at="2025-02-09T20:11:36 CST" name="tearDown" finished-at="2025-02-09T20:11:37 CST" duration-ms="98" status="PASS">
          <reporter-output>
          </reporter-output>
        </test-method> <!-- tearDown -->
      </class> <!-- automatedProject.tests.SubmitOrderTest -->
    </test> <!-- Submit Order Test -->
  </suite> <!-- Suite -->
</testng-results>
